
ROM used:   689/8192 (8%)
            689/8192 (8%) including unused fragments

            0.8 Average locations per line
            9.6 Average locations per statement

RAM used:   13/368 (4%) at main() level
            26/368 (7%) worst case

Stack used: 2 worst case (2 in main + 0 for interrupts)
Stack size: 8

Lines Stmts  %   Files
----- ----- ---  -----
  117    72 100  final.c
  708     0   0  ..\..\..\..\..\..\..\Program Files (x86)\PICC\Devices\16F877A.h
----- -----
  825    72 Total

Page ROM  %  RAM    Vol Diff  Functions:
---- --- --- ---    --- ----  ----------
0     20   3    1             @delay_ms1
0     24   3    0    138  3.0  servoRotate0
0     24   3    0    138  3.0  servoRotate180
0    123  18   14   1148 10.1  Read_DHT11
0    181  26    4    752  5.2  MAIN
0     17   2    0             @const719
0     88  13    4             @PSTRINGC7_9600_62_63
0     12   2    0             @const724
0     16   2    0             @const725
0     89  13    5             @PSTRINGCN7_9600_62_63
0     21   3    3             @DIV88
0     56   8    2             @PRINTF_U_9600_62_63
0      9   1    0             @const734
0      5   1    0             @const735
 Inline         0             @cinit1

Program metrics:
    Functions               4
    Statements              72
    Comments                149
    Volume (V)              2802
    Difficulty (D)          20.2
    Effort to implement (E) 56712
    Time to implement (T)   53 minutes
    Est Delivered Bugs (B)  0
    Cyclomatic Complexity   10
    Maintainability (MI)    88

 Segment     Used  Free
-----------  ----  ----
00000-00003     4  0  
00004-007FF   685  1359  
00800-00FFF     0  2048  
01000-017FF     0  2048  
01800-01FFF     0  2048  



